-- open: success
41
-- get: error
17
-- get: error
34
-- get: error
0
-- get: error
19
-- get: error
24
-- get: error
28
-- get: error
8
-- get: error
12
-- get: error
14
-- get: error
5
-- get: error
45
-- get: error
31
-- get: error
27
-- get: error
11
-- get: error
41
-- get: error
45
-- get: error
42
-- get: error
27
-- get: error
36
-- get: error
41
-- get: error
4
-- get: error
2
-- get: error
3
-- get: success
-- update: success
42
-- get: error
32
-- get: error
21
-- get: error
16
-- get: error
18
-- get: success
-- update: success
45
-- get: error
47
-- get: success
-- update: success
26
-- get: error
21
-- get: error
38
-- get: error
19
-- get: error
12
-- get: success
-- update: success
17
-- get: error
49
-- get: success
-- update: success
35
-- get: success
-- update: success
44
-- get: error
3
-- get: success
-- update: success
11
-- get: success
-- update: success
22
-- get: error
33
-- get: error
23
-- get: error
14
-- get: success
-- update: success
41
-- get: error
11
-- get: success
-- update: success
3
-- get: success
-- update: success
18
-- get: success
-- update: success
47
-- get: success
-- update: success
44
-- get: error
12
-- get: success
-- update: success
7
-- get: success
-- update: success
37
-- get: error
9
-- get: success
-- update: success
23
-- get: success
-- update: success
41
-- get: error
29
-- get: success
-- update: success
28
-- get: error
16
-- get: error
35
-- get: success
-- update: success
40
-- get: success
-- update: success
42
-- get: error
38
-- get: error
6
-- get: success
-- update: success
40
-- get: success
-- update: success
42
-- get: error
14
-- get: success
-- update: success
-- open: success
41
-- get: success
-- update: success
17
-- get: error
34
-- get: error
0
-- get: success
-- update: success
19
-- get: error
24
-- get: error
28
-- get: error
8
-- get: success
-- update: success
12
-- get: success
-- update: success
14
-- get: success
-- update: success
5
-- get: success
-- update: success
45
-- get: error
31
-- get: error
27
-- get: error
11
-- get: error
41
-- get: success
-- update: success
45
-- get: error
42
-- get: error
27
-- get: error
-- open: success
41
-- get: success
-- update: success
36
-- get: error
17
-- get: error
41
-- get: success
-- update: success
34
-- get: error
4
-- get: success
-- update: success
0
-- get: success
-- update: success
2
-- get: success
-- update: success
19
-- get: error
3
-- get: success
-- update: success
24
-- get: error
42
-- get: error
28
-- get: error
32
-- get: error
8
-- get: success
-- update: success
21
-- get: error
12
-- get: success
-- update: success
16
-- get: success
-- update: success
14
-- get: error
18
-- get: success
-- update: success
5
-- get: success
-- update: success
45
-- get: error
45
-- get: error
47
-- get: error
31
-- get: error
26
-- get: error
27
-- get: error
21
-- get: error
38
-- get: error
19
-- get: error
12
-- get: success
-- update: success
17
-- get: error
49
-- get: success
-- update: success
35
-- get: error
44
-- get: error
3
-- get: success
-- update: success
11
-- get: error
22
-- get: error
33
-- get: error
23
-- get: success
-- update: success
14
-- get: success
-- update: success
41
-- get: success
-- update: success
11
-- get: error
3
-- get: success
-- update: success
18
-- get: success
-- update: success
47
-- get: error
44
-- get: error
-- open: success
41
-- get: error
17
-- get: error
34
-- get: error
0
-- get: success
-- update: success
19
-- get: error
24
-- get: error
28
-- get: error
8
-- get: success
-- update: success
12
-- get: error
14
-- get: error
5
-- get: error
45
-- get: error
31
-- get: success
-- update: success
27
-- get: error
11
-- get: error
41
-- get: error
45
-- get: success
-- update: success
42
-- get: error
27
-- get: error
36
-- get: error
41
-- get: error
4
-- get: success
-- update: success
-- open: success
41
-- get: error
2
-- get: error
17
-- get: error
3
-- get: error
34
-- get: error
42
-- get: error
0
-- get: error
32
-- get: error
19
-- get: error
21
-- get: error
24
-- get: error
16
-- get: error
28
-- get: error
18
-- get: error
8
-- get: error
45
-- get: success
-- update: success
12
-- get: error
47
-- get: success
-- update: success
14
-- get: error
26
-- get: error
5
-- get: success
-- update: success
21
-- get: error
45
-- get: error
38
-- get: error
31
-- get: error
19
-- get: error
27
-- get: error
12
-- get: success
-- update: success
11
-- get: error
17
-- get: success
-- update: success
41
-- get: error
49
-- get: error
45
-- get: error
35
-- get: error
42
-- get: success
-- update: success
44
-- get: error
27
-- get: error
3
-- get: error
36
-- get: error
11
-- get: success
-- update: success
41
-- get: error
22
-- get: error
4
-- get: success
-- update: success
33
-- get: error
2
-- get: error
23
-- get: error
3
-- get: error
42
-- get: success
-- update: success
32
-- get: error
21
-- get: error
16
-- get: error
18
-- get: success
-- update: success
45
-- get: error
47
-- get: error
26
-- get: success
-- update: success
21
-- get: error
38
-- get: error
-- open: success
19
-- get: error
12
-- get: error
17
-- get: error
49
-- get: error
35
-- get: error
44
-- get: error
3
-- get: error
11
-- get: error
22
-- get: error
33
-- get: error
23
-- get: success
-- update: success
14
-- get: error
41
-- get: error
11
-- get: error
3
-- get: error
18
-- get: success
-- update: success
47
-- get: success
-- update: success
44
-- get: error
12
-- get: success
-- update: success
7
-- get: error
37
-- get: error
9
-- get: error
23
-- get: success
-- update: success
41
-- get: error
29
-- get: error
28
-- get: error
16
-- get: error
35
-- get: error
40
-- get: error
42
-- get: error
38
-- get: error
6
-- get: error
40
-- get: error
42
-- get: error
14
-- get: error
48
-- get: error
46
-- get: error
5
-- get: success
-- update: success
40
-- get: error
29
-- get: error
20
-- get: error
0
-- get: success
-- update: success
6
-- get: error
1
-- get: error
43
-- get: error
48
-- get: error
29
-- get: error
23
-- get: error
34
-- get: error
4
-- get: error
6
-- get: success
-- update: success
40
-- get: error
16
-- get: success
-- update: success
26
-- get: error
31
-- get: error
8
-- get: success
-- update: success
44
-- get: error
39
-- get: error
26
-- get: error
