n:\3k1s\sp\lab_14\os14_htapi\x64\debug\os14_htapi.pch
n:\3k1s\sp\lab_14\x64\debug\os14_htapi.pdb
n:\3k1s\sp\lab_14\x64\debug\os14_htapi.idb
n:\3k1s\sp\lab_14\os14_htapi\x64\debug\pch.obj
n:\3k1s\sp\lab_14\os14_htapi\x64\debug\ht.obj
n:\3k1s\sp\lab_14\os14_htapi\x64\debug\element.obj
n:\3k1s\sp\lab_14\os14_htapi\x64\debug\auth.obj
n:\3k1s\sp\lab_14\x64\debug\os14_htapi.lib
c:\users\nikit\desktop\univer\3cource1sem\sp\sp_lab6\sp_lab5\os14_htapi\x64\debug\auth.obj
c:\users\nikit\desktop\univer\3cource1sem\sp\sp_lab6\sp_lab5\os14_htapi\x64\debug\element.obj
c:\users\nikit\desktop\univer\3cource1sem\sp\sp_lab6\sp_lab5\os14_htapi\x64\debug\ht.obj
c:\users\nikit\desktop\univer\3cource1sem\sp\sp_lab6\sp_lab5\os14_htapi\x64\debug\pch.obj
c:\users\nikit\desktop\univer\3cource1sem\sp\sp_lab6\sp_lab5\os14_htapi\x64\debug\os14_htapi.pch
c:\users\nikit\desktop\univer\3cource1sem\sp\sp_lab6\sp_lab5\os14_htapi\x64\debug\os14_htapi.tlog\cl.command.1.tlog
c:\users\nikit\desktop\univer\3cource1sem\sp\sp_lab6\sp_lab5\os14_htapi\x64\debug\os14_htapi.tlog\cl.items.tlog
c:\users\nikit\desktop\univer\3cource1sem\sp\sp_lab6\sp_lab5\os14_htapi\x64\debug\os14_htapi.tlog\cl.read.1.tlog
c:\users\nikit\desktop\univer\3cource1sem\sp\sp_lab6\sp_lab5\os14_htapi\x64\debug\os14_htapi.tlog\cl.write.1.tlog
c:\users\nikit\desktop\univer\3cource1sem\sp\sp_lab6\sp_lab5\os14_htapi\x64\debug\os14_htapi.tlog\lib-link.read.1.tlog
c:\users\nikit\desktop\univer\3cource1sem\sp\sp_lab6\sp_lab5\os14_htapi\x64\debug\os14_htapi.tlog\lib-link.write.1.tlog
c:\users\nikit\desktop\univer\3cource1sem\sp\sp_lab6\sp_lab5\os14_htapi\x64\debug\os14_htapi.tlog\lib.command.1.tlog
